<?xml version="1.0" encoding="UTF-8"?>
<testng-results skipped="0" failed="1" total="3" passed="2">
  <reporter-output>
  </reporter-output>
  <suite name="javaSeleniumWebBase" duration-ms="1443" started-at="2021-07-01T10:29:20Z" finished-at="2021-07-01T10:29:21Z">
    <groups>
    </groups>
    <test name="BasicTest" duration-ms="1443" started-at="2021-07-01T10:29:20Z" finished-at="2021-07-01T10:29:21Z">
      <class name="tests.BasicTest">
        <test-method status="PASS" signature="BeforeSuite()[pri:0, instance:tests.BasicTest@bd4dc25]" name="BeforeSuite" is-config="true" duration-ms="7790" started-at="2021-07-01T17:29:12Z" finished-at="2021-07-01T17:29:20Z">
          <reporter-output>
          </reporter-output>
        </test-method> <!-- BeforeSuite -->
        <test-method status="PASS" signature="FirstTest()[pri:0, instance:tests.BasicTest@bd4dc25]" name="FirstTest" duration-ms="4" started-at="2021-07-01T17:29:20Z" finished-at="2021-07-01T17:29:20Z">
          <reporter-output>
          </reporter-output>
        </test-method> <!-- FirstTest -->
        <test-method status="FAIL" signature="SecondTest()[pri:0, instance:tests.BasicTest@bd4dc25]" name="SecondTest" duration-ms="2" started-at="2021-07-01T17:29:20Z" finished-at="2021-07-01T17:29:20Z">
          <exception class="java.lang.AssertionError">
            <message>
              <![CDATA[expected [true] but found [false]]]>
            </message>
            <full-stacktrace>
              <![CDATA[java.lang.AssertionError: expected [true] but found [false]
	at org.testng.Assert.fail(Assert.java:94)
	at org.testng.Assert.failNotEquals(Assert.java:513)
	at org.testng.Assert.assertTrue(Assert.java:42)
	at org.testng.Assert.assertTrue(Assert.java:52)
	at tests.BasicTest.SecondTest(BasicTest.java:34)
	at sun.reflect.NativeMethodAccessorImpl.invoke0(Native Method)
	at sun.reflect.NativeMethodAccessorImpl.invoke(NativeMethodAccessorImpl.java:62)
	at sun.reflect.DelegatingMethodAccessorImpl.invoke(DelegatingMethodAccessorImpl.java:43)
	at java.lang.reflect.Method.invoke(Method.java:498)
	at org.testng.internal.MethodInvocationHelper.invokeMethod(MethodInvocationHelper.java:86)
	at org.testng.internal.Invoker.invokeMethod(Invoker.java:643)
	at org.testng.internal.Invoker.invokeTestMethod(Invoker.java:820)
	at org.testng.internal.Invoker.invokeTestMethods(Invoker.java:1128)
	at org.testng.internal.TestMethodWorker.invokeTestMethods(TestMethodWorker.java:129)
	at org.testng.internal.TestMethodWorker.run(TestMethodWorker.java:112)
	at org.testng.TestRunner.privateRun(TestRunner.java:782)
	at org.testng.TestRunner.run(TestRunner.java:632)
	at org.testng.SuiteRunner.runTest(SuiteRunner.java:366)
	at org.testng.SuiteRunner.runSequentially(SuiteRunner.java:361)
	at org.testng.SuiteRunner.privateRun(SuiteRunner.java:319)
	at org.testng.SuiteRunner.run(SuiteRunner.java:268)
	at org.testng.SuiteRunnerWorker.runSuite(SuiteRunnerWorker.java:52)
	at org.testng.SuiteRunnerWorker.run(SuiteRunnerWorker.java:86)
	at org.testng.TestNG.runSuitesSequentially(TestNG.java:1244)
	at org.testng.TestNG.runSuitesLocally(TestNG.java:1169)
	at org.testng.TestNG.run(TestNG.java:1064)
	at org.apache.maven.surefire.testng.TestNGExecutor.run(TestNGExecutor.java:281)
	at org.apache.maven.surefire.testng.TestNGXmlTestSuite.execute(TestNGXmlTestSuite.java:75)
	at org.apache.maven.surefire.testng.TestNGProvider.invoke(TestNGProvider.java:121)
	at org.apache.maven.surefire.booter.ForkedBooter.invokeProviderInSameClassLoader(ForkedBooter.java:290)
	at org.apache.maven.surefire.booter.ForkedBooter.runSuitesInProcess(ForkedBooter.java:242)
	at org.apache.maven.surefire.booter.ForkedBooter.main(ForkedBooter.java:121)
]]>
            </full-stacktrace>
          </exception> <!-- java.lang.AssertionError -->
          <reporter-output>
          </reporter-output>
        </test-method> <!-- SecondTest -->
        <test-method status="PASS" signature="Translate()[pri:0, instance:tests.BasicTest@bd4dc25]" name="Translate" duration-ms="1407" started-at="2021-07-01T17:29:20Z" finished-at="2021-07-01T17:29:21Z">
          <reporter-output>
          </reporter-output>
        </test-method> <!-- Translate -->
        <test-method status="PASS" signature="AfterSuite()[pri:0, instance:tests.BasicTest@bd4dc25]" name="AfterSuite" is-config="true" duration-ms="2683" started-at="2021-07-01T17:29:21Z" finished-at="2021-07-01T17:29:24Z">
          <reporter-output>
          </reporter-output>
        </test-method> <!-- AfterSuite -->
      </class> <!-- tests.BasicTest -->
    </test> <!-- BasicTest -->
  </suite> <!-- javaSeleniumWebBase -->
</testng-results>
